# JRE version: Java(TM) SE Runtime Environment (14.0.2+12) (build 14.0.2+12-46)
# Java VM: Java HotSpot(TM) 64-Bit Server VM (14.0.2+12-46, mixed mode, sharing, tiered, compressed oops, g1 gc, windows-amd64)
Heap:
 garbage-first heap   total 417792K, used 66072K [0x0000000501200000, 0x0000000800000000)
  region size 2048K, 27 young (55296K), 2 survivors (4096K)
 Metaspace       used 32971K, capacity 33404K, committed 33456K, reserved 1079296K
  class space    used 3372K, capacity 3547K, committed 3584K, reserved 1048576K
GC Heap History (20 events):
Event: 18.461 GC heap before
{Heap before GC invocations=33 (full 0):
 garbage-first heap   total 417792K, used 262711K [0x0000000501200000, 0x0000000800000000)
  region size 2048K, 122 young (249856K), 2 survivors (4096K)
 Metaspace       used 32746K, capacity 33211K, committed 33456K, reserved 1079296K
  class space    used 3372K, capacity 3547K, committed 3584K, reserved 1048576K
}
Event: 18.463 GC heap after
{Heap after GC invocations=34 (full 0):
 garbage-first heap   total 417792K, used 19073K [0x0000000501200000, 0x0000000800000000)
  region size 2048K, 2 young (4096K), 2 survivors (4096K)
 Metaspace       used 32746K, capacity 33211K, committed 33456K, reserved 1079296K
  class space    used 3372K, capacity 3547K, committed 3584K, reserved 1048576K
}
Event: 19.120 GC heap before
{Heap before GC invocations=34 (full 0):
 garbage-first heap   total 417792K, used 262785K [0x0000000501200000, 0x0000000800000000)
  region size 2048K, 122 young (249856K), 2 survivors (4096K)
 Metaspace       used 32795K, capacity 33275K, committed 33456K, reserved 1079296K
  class space    used 3372K, capacity 3547K, committed 3584K, reserved 1048576K
}
Event: 19.121 GC heap after
{Heap after GC invocations=35 (full 0):
 garbage-first heap   total 417792K, used 18870K [0x0000000501200000, 0x0000000800000000)
  region size 2048K, 2 young (4096K), 2 survivors (4096K)
 Metaspace       used 32795K, capacity 33275K, committed 33456K, reserved 1079296K
  class space    used 3372K, capacity 3547K, committed 3584K, reserved 1048576K
}
Event: 19.850 GC heap before
{Heap before GC invocations=35 (full 0):
 garbage-first heap   total 417792K, used 262582K [0x0000000501200000, 0x0000000800000000)
  region size 2048K, 122 young (249856K), 2 survivors (4096K)
 Metaspace       used 32823K, capacity 33275K, committed 33456K, reserved 1079296K
  class space    used 3372K, capacity 3547K, committed 3584K, reserved 1048576K
}
Event: 19.851 GC heap after
{Heap after GC invocations=36 (full 0):
 garbage-first heap   total 417792K, used 19422K [0x0000000501200000, 0x0000000800000000)
  region size 2048K, 2 young (4096K), 2 survivors (4096K)
 Metaspace       used 32823K, capacity 33275K, committed 33456K, reserved 1079296K
  class space    used 3372K, capacity 3547K, committed 3584K, reserved 1048576K
}
Event: 20.643 GC heap before
{Heap before GC invocations=36 (full 0):
 garbage-first heap   total 417792K, used 263134K [0x0000000501200000, 0x0000000800000000)
  region size 2048K, 123 young (251904K), 2 survivors (4096K)
 Metaspace       used 32842K, capacity 33276K, committed 33456K, reserved 1079296K
  class space    used 3372K, capacity 3547K, committed 3584K, reserved 1048576K
}
Event: 20.645 GC heap after
{Heap after GC invocations=37 (full 0):
 garbage-first heap   total 417792K, used 19775K [0x0000000501200000, 0x0000000800000000)
  region size 2048K, 2 young (4096K), 2 survivors (4096K)
 Metaspace       used 32842K, capacity 33276K, committed 33456K, reserved 1079296K
  class space    used 3372K, capacity 3547K, committed 3584K, reserved 1048576K
}
Event: 21.544 GC heap before
{Heap before GC invocations=37 (full 0):
 garbage-first heap   total 417792K, used 263487K [0x0000000501200000, 0x0000000800000000)
  region size 2048K, 122 young (249856K), 2 survivors (4096K)
 Metaspace       used 32847K, capacity 33276K, committed 33456K, reserved 1079296K
  class space    used 3372K, capacity 3547K, committed 3584K, reserved 1048576K
}
Event: 21.547 GC heap after
{Heap after GC invocations=38 (full 0):
 garbage-first heap   total 417792K, used 18732K [0x0000000501200000, 0x0000000800000000)
  region size 2048K, 2 young (4096K), 2 survivors (4096K)
 Metaspace       used 32847K, capacity 33276K, committed 33456K, reserved 1079296K
  class space    used 3372K, capacity 3547K, committed 3584K, reserved 1048576K
}
Event: 22.395 GC heap before
{Heap before GC invocations=38 (full 0):
 garbage-first heap   total 417792K, used 262444K [0x0000000501200000, 0x0000000800000000)
  region size 2048K, 122 young (249856K), 2 survivors (4096K)
 Metaspace       used 32854K, capacity 33340K, committed 33456K, reserved 1079296K
  class space    used 3372K, capacity 3547K, committed 3584K, reserved 1048576K
}
Event: 22.396 GC heap after
{Heap after GC invocations=39 (full 0):
 garbage-first heap   total 417792K, used 19280K [0x0000000501200000, 0x0000000800000000)
  region size 2048K, 2 young (4096K), 2 survivors (4096K)
 Metaspace       used 32854K, capacity 33340K, committed 33456K, reserved 1079296K
  class space    used 3372K, capacity 3547K, committed 3584K, reserved 1048576K
}
Event: 23.140 GC heap before
{Heap before GC invocations=39 (full 0):
 garbage-first heap   total 417792K, used 262992K [0x0000000501200000, 0x0000000800000000)
  region size 2048K, 122 young (249856K), 2 survivors (4096K)
 Metaspace       used 32869K, capacity 33340K, committed 33456K, reserved 1079296K
  class space    used 3372K, capacity 3547K, committed 3584K, reserved 1048576K
}
Event: 23.142 GC heap after
{Heap after GC invocations=40 (full 0):
 garbage-first heap   total 417792K, used 19037K [0x0000000501200000, 0x0000000800000000)
  region size 2048K, 2 young (4096K), 2 survivors (4096K)
 Metaspace       used 32869K, capacity 33340K, committed 33456K, reserved 1079296K
  class space    used 3372K, capacity 3547K, committed 3584K, reserved 1048576K
}
Event: 23.886 GC heap before
{Heap before GC invocations=40 (full 0):
 garbage-first heap   total 417792K, used 262749K [0x0000000501200000, 0x0000000800000000)
  region size 2048K, 122 young (249856K), 2 survivors (4096K)
 Metaspace       used 32895K, capacity 33340K, committed 33456K, reserved 1079296K
  class space    used 3372K, capacity 3547K, committed 3584K, reserved 1048576K
}
Event: 23.888 GC heap after
{Heap after GC invocations=41 (full 0):
 garbage-first heap   total 417792K, used 19033K [0x0000000501200000, 0x0000000800000000)
  region size 2048K, 2 young (4096K), 2 survivors (4096K)
 Metaspace       used 32895K, capacity 33340K, committed 33456K, reserved 1079296K
  class space    used 3372K, capacity 3547K, committed 3584K, reserved 1048576K
}
Event: 24.522 GC heap before
{Heap before GC invocations=41 (full 0):
 garbage-first heap   total 417792K, used 262745K [0x0000000501200000, 0x0000000800000000)
  region size 2048K, 122 young (249856K), 2 survivors (4096K)
 Metaspace       used 32964K, capacity 33404K, committed 33456K, reserved 1079296K
  class space    used 3372K, capacity 3547K, committed 3584K, reserved 1048576K
}
Event: 24.523 GC heap after
{Heap after GC invocations=42 (full 0):
 garbage-first heap   total 417792K, used 19078K [0x0000000501200000, 0x0000000800000000)
  region size 2048K, 2 young (4096K), 2 survivors (4096K)
 Metaspace       used 32964K, capacity 33404K, committed 33456K, reserved 1079296K
  class space    used 3372K, capacity 3547K, committed 3584K, reserved 1048576K
}
Event: 25.238 GC heap before
{Heap before GC invocations=42 (full 0):
 garbage-first heap   total 417792K, used 262790K [0x0000000501200000, 0x0000000800000000)
  region size 2048K, 122 young (249856K), 2 survivors (4096K)
 Metaspace       used 32971K, capacity 33404K, committed 33456K, reserved 1079296K
  class space    used 3372K, capacity 3547K, committed 3584K, reserved 1048576K
}
Event: 25.239 GC heap after
{Heap after GC invocations=43 (full 0):
 garbage-first heap   total 417792K, used 18968K [0x0000000501200000, 0x0000000800000000)
  region size 2048K, 2 young (4096K), 2 survivors (4096K)
 Metaspace       used 32971K, capacity 33404K, committed 33456K, reserved 1079296K
  class space    used 3372K, capacity 3547K, committed 3584K, reserved 1048576K
}

