# JRE version: Java(TM) SE Runtime Environment (14.0.2+12) (build 14.0.2+12-46)
# Java VM: Java HotSpot(TM) 64-Bit Server VM (14.0.2+12-46, mixed mode, sharing, tiered, compressed oops, g1 gc, windows-amd64)
Heap:
 garbage-first heap   total 417792K, used 74331K [0x0000000501200000, 0x0000000800000000)
  region size 2048K, 32 young (65536K), 2 survivors (4096K)
 Metaspace       used 32711K, capacity 33214K, committed 33328K, reserved 1079296K
  class space    used 3395K, capacity 3598K, committed 3712K, reserved 1048576K
GC Heap History (20 events):
Event: 15.182 GC heap before
{Heap before GC invocations=22 (full 0):
 garbage-first heap   total 49152K, used 31484K [0x0000000501200000, 0x0000000800000000)
  region size 2048K, 11 young (22528K), 2 survivors (4096K)
 Metaspace       used 31811K, capacity 32317K, committed 32560K, reserved 1079296K
  class space    used 3389K, capacity 3598K, committed 3712K, reserved 1048576K
}
Event: 15.183 GC heap after
{Heap after GC invocations=23 (full 0):
 garbage-first heap   total 49152K, used 13794K [0x0000000501200000, 0x0000000800000000)
  region size 2048K, 1 young (2048K), 1 survivors (2048K)
 Metaspace       used 31811K, capacity 32317K, committed 32560K, reserved 1079296K
  class space    used 3389K, capacity 3598K, committed 3712K, reserved 1048576K
}
Event: 15.232 GC heap before
{Heap before GC invocations=23 (full 0):
 garbage-first heap   total 49152K, used 32226K [0x0000000501200000, 0x0000000800000000)
  region size 2048K, 11 young (22528K), 1 survivors (2048K)
 Metaspace       used 31815K, capacity 32317K, committed 32560K, reserved 1079296K
  class space    used 3389K, capacity 3598K, committed 3712K, reserved 1048576K
}
Event: 15.233 GC heap after
{Heap after GC invocations=24 (full 0):
 garbage-first heap   total 49152K, used 13806K [0x0000000501200000, 0x0000000800000000)
  region size 2048K, 1 young (2048K), 1 survivors (2048K)
 Metaspace       used 31815K, capacity 32317K, committed 32560K, reserved 1079296K
  class space    used 3389K, capacity 3598K, committed 3712K, reserved 1048576K
}
Event: 15.282 GC heap before
{Heap before GC invocations=24 (full 0):
 garbage-first heap   total 49152K, used 34286K [0x0000000501200000, 0x0000000800000000)
  region size 2048K, 12 young (24576K), 1 survivors (2048K)
 Metaspace       used 31826K, capacity 32317K, committed 32560K, reserved 1079296K
  class space    used 3389K, capacity 3598K, committed 3712K, reserved 1048576K
}
Event: 15.283 GC heap after
{Heap after GC invocations=25 (full 0):
 garbage-first heap   total 49152K, used 14433K [0x0000000501200000, 0x0000000800000000)
  region size 2048K, 1 young (2048K), 1 survivors (2048K)
 Metaspace       used 31826K, capacity 32317K, committed 32560K, reserved 1079296K
  class space    used 3389K, capacity 3598K, committed 3712K, reserved 1048576K
}
Event: 15.341 GC heap before
{Heap before GC invocations=25 (full 0):
 garbage-first heap   total 49152K, used 34913K [0x0000000501200000, 0x0000000800000000)
  region size 2048K, 12 young (24576K), 1 survivors (2048K)
 Metaspace       used 31862K, capacity 32381K, committed 32560K, reserved 1079296K
  class space    used 3389K, capacity 3598K, committed 3712K, reserved 1048576K
}
Event: 15.343 GC heap after
{Heap after GC invocations=26 (full 0):
 garbage-first heap   total 417792K, used 14755K [0x0000000501200000, 0x0000000800000000)
  region size 2048K, 1 young (2048K), 1 survivors (2048K)
 Metaspace       used 31862K, capacity 32381K, committed 32560K, reserved 1079296K
  class space    used 3389K, capacity 3598K, committed 3712K, reserved 1048576K
}
Event: 16.051 GC heap before
{Heap before GC invocations=26 (full 0):
 garbage-first heap   total 417792K, used 260515K [0x0000000501200000, 0x0000000800000000)
  region size 2048K, 122 young (249856K), 1 survivors (2048K)
 Metaspace       used 32042K, capacity 32509K, committed 32816K, reserved 1079296K
  class space    used 3389K, capacity 3598K, committed 3712K, reserved 1048576K
}
Event: 16.053 GC heap after
{Heap after GC invocations=27 (full 0):
 garbage-first heap   total 417792K, used 15451K [0x0000000501200000, 0x0000000800000000)
  region size 2048K, 2 young (4096K), 2 survivors (4096K)
 Metaspace       used 32042K, capacity 32509K, committed 32816K, reserved 1079296K
  class space    used 3389K, capacity 3598K, committed 3712K, reserved 1048576K
}
Event: 16.894 GC heap before
{Heap before GC invocations=27 (full 0):
 garbage-first heap   total 417792K, used 259163K [0x0000000501200000, 0x0000000800000000)
  region size 2048K, 122 young (249856K), 2 survivors (4096K)
 Metaspace       used 32299K, capacity 32830K, committed 33072K, reserved 1079296K
  class space    used 3390K, capacity 3598K, committed 3712K, reserved 1048576K
}
Event: 16.896 GC heap after
{Heap after GC invocations=28 (full 0):
 garbage-first heap   total 417792K, used 17634K [0x0000000501200000, 0x0000000800000000)
  region size 2048K, 3 young (6144K), 3 survivors (6144K)
 Metaspace       used 32299K, capacity 32830K, committed 33072K, reserved 1079296K
  class space    used 3390K, capacity 3598K, committed 3712K, reserved 1048576K
}
Event: 17.658 GC heap before
{Heap before GC invocations=28 (full 0):
 garbage-first heap   total 417792K, used 259298K [0x0000000501200000, 0x0000000800000000)
  region size 2048K, 122 young (249856K), 3 survivors (6144K)
 Metaspace       used 32348K, capacity 32894K, committed 33072K, reserved 1079296K
  class space    used 3390K, capacity 3598K, committed 3712K, reserved 1048576K
}
Event: 17.659 GC heap after
{Heap after GC invocations=29 (full 0):
 garbage-first heap   total 417792K, used 15998K [0x0000000501200000, 0x0000000800000000)
  region size 2048K, 2 young (4096K), 2 survivors (4096K)
 Metaspace       used 32348K, capacity 32894K, committed 33072K, reserved 1079296K
  class space    used 3390K, capacity 3598K, committed 3712K, reserved 1048576K
}
Event: 18.647 GC heap before
{Heap before GC invocations=29 (full 0):
 garbage-first heap   total 417792K, used 259710K [0x0000000501200000, 0x0000000800000000)
  region size 2048K, 122 young (249856K), 2 survivors (4096K)
 Metaspace       used 32577K, capacity 33150K, committed 33328K, reserved 1079296K
  class space    used 3391K, capacity 3598K, committed 3712K, reserved 1048576K
}
Event: 18.649 GC heap after
{Heap after GC invocations=30 (full 0):
 garbage-first heap   total 417792K, used 17359K [0x0000000501200000, 0x0000000800000000)
  region size 2048K, 3 young (6144K), 3 survivors (6144K)
 Metaspace       used 32577K, capacity 33150K, committed 33328K, reserved 1079296K
  class space    used 3391K, capacity 3598K, committed 3712K, reserved 1048576K
}
Event: 20.166 GC heap before
{Heap before GC invocations=30 (full 0):
 garbage-first heap   total 417792K, used 259023K [0x0000000501200000, 0x0000000800000000)
  region size 2048K, 122 young (249856K), 3 survivors (6144K)
 Metaspace       used 32644K, capacity 33150K, committed 33328K, reserved 1079296K
  class space    used 3395K, capacity 3598K, committed 3712K, reserved 1048576K
}
Event: 20.167 GC heap after
{Heap after GC invocations=31 (full 0):
 garbage-first heap   total 417792K, used 15582K [0x0000000501200000, 0x0000000800000000)
  region size 2048K, 2 young (4096K), 2 survivors (4096K)
 Metaspace       used 32644K, capacity 33150K, committed 33328K, reserved 1079296K
  class space    used 3395K, capacity 3598K, committed 3712K, reserved 1048576K
}
Event: 21.193 GC heap before
{Heap before GC invocations=31 (full 0):
 garbage-first heap   total 417792K, used 259294K [0x0000000501200000, 0x0000000800000000)
  region size 2048K, 122 young (249856K), 2 survivors (4096K)
 Metaspace       used 32692K, capacity 33214K, committed 33328K, reserved 1079296K
  class space    used 3395K, capacity 3598K, committed 3712K, reserved 1048576K
}
Event: 21.195 GC heap after
{Heap after GC invocations=32 (full 0):
 garbage-first heap   total 417792K, used 16987K [0x0000000501200000, 0x0000000800000000)
  region size 2048K, 2 young (4096K), 2 survivors (4096K)
 Metaspace       used 32692K, capacity 33214K, committed 33328K, reserved 1079296K
  class space    used 3395K, capacity 3598K, committed 3712K, reserved 1048576K
}

