# JRE version: Java(TM) SE Runtime Environment (14.0.2+12) (build 14.0.2+12-46)
# Java VM: Java HotSpot(TM) 64-Bit Server VM (14.0.2+12-46, mixed mode, sharing, tiered, compressed oops, g1 gc, windows-amd64)
Heap:
 garbage-first heap   total 417792K, used 76393K [0x0000000501200000, 0x0000000800000000)
  region size 2048K, 32 young (65536K), 3 survivors (6144K)
 Metaspace       used 33125K, capacity 33549K, committed 33712K, reserved 1079296K
  class space    used 3401K, capacity 3574K, committed 3584K, reserved 1048576K
GC Heap History (20 events):
Event: 9.627 GC heap before
{Heap before GC invocations=25 (full 0):
 garbage-first heap   total 417792K, used 260589K [0x0000000501200000, 0x0000000800000000)
  region size 2048K, 122 young (249856K), 3 survivors (6144K)
 Metaspace       used 32653K, capacity 33100K, committed 33200K, reserved 1079296K
  class space    used 3400K, capacity 3574K, committed 3584K, reserved 1048576K
}
Event: 9.628 GC heap after
{Heap after GC invocations=26 (full 0):
 garbage-first heap   total 417792K, used 18604K [0x0000000501200000, 0x0000000800000000)
  region size 2048K, 2 young (4096K), 2 survivors (4096K)
 Metaspace       used 32653K, capacity 33100K, committed 33200K, reserved 1079296K
  class space    used 3400K, capacity 3574K, committed 3584K, reserved 1048576K
}
Event: 10.188 GC heap before
{Heap before GC invocations=26 (full 0):
 garbage-first heap   total 417792K, used 262316K [0x0000000501200000, 0x0000000800000000)
  region size 2048K, 122 young (249856K), 2 survivors (4096K)
 Metaspace       used 32771K, capacity 33228K, committed 33456K, reserved 1079296K
  class space    used 3401K, capacity 3574K, committed 3584K, reserved 1048576K
}
Event: 10.189 GC heap after
{Heap after GC invocations=27 (full 0):
 garbage-first heap   total 417792K, used 18541K [0x0000000501200000, 0x0000000800000000)
  region size 2048K, 2 young (4096K), 2 survivors (4096K)
 Metaspace       used 32771K, capacity 33228K, committed 33456K, reserved 1079296K
  class space    used 3401K, capacity 3574K, committed 3584K, reserved 1048576K
}
Event: 10.660 GC heap before
{Heap before GC invocations=27 (full 0):
 garbage-first heap   total 417792K, used 262253K [0x0000000501200000, 0x0000000800000000)
  region size 2048K, 122 young (249856K), 2 survivors (4096K)
 Metaspace       used 32823K, capacity 33292K, committed 33456K, reserved 1079296K
  class space    used 3401K, capacity 3574K, committed 3584K, reserved 1048576K
}
Event: 10.662 GC heap after
{Heap after GC invocations=28 (full 0):
 garbage-first heap   total 417792K, used 20069K [0x0000000501200000, 0x0000000800000000)
  region size 2048K, 3 young (6144K), 3 survivors (6144K)
 Metaspace       used 32823K, capacity 33292K, committed 33456K, reserved 1079296K
  class space    used 3401K, capacity 3574K, committed 3584K, reserved 1048576K
}
Event: 11.245 GC heap before
{Heap before GC invocations=28 (full 0):
 garbage-first heap   total 417792K, used 261733K [0x0000000501200000, 0x0000000800000000)
  region size 2048K, 122 young (249856K), 3 survivors (6144K)
 Metaspace       used 32873K, capacity 33293K, committed 33456K, reserved 1079296K
  class space    used 3401K, capacity 3574K, committed 3584K, reserved 1048576K
}
Event: 11.247 GC heap after
{Heap after GC invocations=29 (full 0):
 garbage-first heap   total 417792K, used 18341K [0x0000000501200000, 0x0000000800000000)
  region size 2048K, 2 young (4096K), 2 survivors (4096K)
 Metaspace       used 32873K, capacity 33293K, committed 33456K, reserved 1079296K
  class space    used 3401K, capacity 3574K, committed 3584K, reserved 1048576K
}
Event: 11.717 GC heap before
{Heap before GC invocations=29 (full 0):
 garbage-first heap   total 417792K, used 262053K [0x0000000501200000, 0x0000000800000000)
  region size 2048K, 122 young (249856K), 2 survivors (4096K)
 Metaspace       used 32919K, capacity 33357K, committed 33456K, reserved 1079296K
  class space    used 3401K, capacity 3574K, committed 3584K, reserved 1048576K
}
Event: 11.719 GC heap after
{Heap after GC invocations=30 (full 0):
 garbage-first heap   total 417792K, used 18718K [0x0000000501200000, 0x0000000800000000)
  region size 2048K, 3 young (6144K), 3 survivors (6144K)
 Metaspace       used 32919K, capacity 33357K, committed 33456K, reserved 1079296K
  class space    used 3401K, capacity 3574K, committed 3584K, reserved 1048576K
}
Event: 12.412 GC heap before
{Heap before GC invocations=30 (full 0):
 garbage-first heap   total 417792K, used 260382K [0x0000000501200000, 0x0000000800000000)
  region size 2048K, 122 young (249856K), 3 survivors (6144K)
 Metaspace       used 32963K, capacity 33357K, committed 33456K, reserved 1079296K
  class space    used 3401K, capacity 3574K, committed 3584K, reserved 1048576K
}
Event: 12.414 GC heap after
{Heap after GC invocations=31 (full 0):
 garbage-first heap   total 417792K, used 19719K [0x0000000501200000, 0x0000000800000000)
  region size 2048K, 3 young (6144K), 3 survivors (6144K)
 Metaspace       used 32963K, capacity 33357K, committed 33456K, reserved 1079296K
  class space    used 3401K, capacity 3574K, committed 3584K, reserved 1048576K
}
Event: 12.894 GC heap before
{Heap before GC invocations=31 (full 0):
 garbage-first heap   total 417792K, used 261383K [0x0000000501200000, 0x0000000800000000)
  region size 2048K, 122 young (249856K), 3 survivors (6144K)
 Metaspace       used 32980K, capacity 33485K, committed 33712K, reserved 1079296K
  class space    used 3401K, capacity 3574K, committed 3584K, reserved 1048576K
}
Event: 12.897 GC heap after
{Heap after GC invocations=32 (full 0):
 garbage-first heap   total 417792K, used 21880K [0x0000000501200000, 0x0000000800000000)
  region size 2048K, 4 young (8192K), 4 survivors (8192K)
 Metaspace       used 32980K, capacity 33485K, committed 33712K, reserved 1079296K
  class space    used 3401K, capacity 3574K, committed 3584K, reserved 1048576K
}
Event: 13.460 GC heap before
{Heap before GC invocations=32 (full 0):
 garbage-first heap   total 417792K, used 261496K [0x0000000501200000, 0x0000000800000000)
  region size 2048K, 122 young (249856K), 4 survivors (8192K)
 Metaspace       used 33034K, capacity 33485K, committed 33712K, reserved 1079296K
  class space    used 3401K, capacity 3574K, committed 3584K, reserved 1048576K
}
Event: 13.462 GC heap after
{Heap after GC invocations=33 (full 0):
 garbage-first heap   total 417792K, used 19193K [0x0000000501200000, 0x0000000800000000)
  region size 2048K, 3 young (6144K), 3 survivors (6144K)
 Metaspace       used 33034K, capacity 33485K, committed 33712K, reserved 1079296K
  class space    used 3401K, capacity 3574K, committed 3584K, reserved 1048576K
}
Event: 13.920 GC heap before
{Heap before GC invocations=33 (full 0):
 garbage-first heap   total 417792K, used 260857K [0x0000000501200000, 0x0000000800000000)
  region size 2048K, 122 young (249856K), 3 survivors (6144K)
 Metaspace       used 33088K, capacity 33549K, committed 33712K, reserved 1079296K
  class space    used 3401K, capacity 3574K, committed 3584K, reserved 1048576K
}
Event: 13.922 GC heap after
{Heap after GC invocations=34 (full 0):
 garbage-first heap   total 417792K, used 18402K [0x0000000501200000, 0x0000000800000000)
  region size 2048K, 2 young (4096K), 2 survivors (4096K)
 Metaspace       used 33088K, capacity 33549K, committed 33712K, reserved 1079296K
  class space    used 3401K, capacity 3574K, committed 3584K, reserved 1048576K
}
Event: 14.458 GC heap before
{Heap before GC invocations=34 (full 0):
 garbage-first heap   total 417792K, used 262114K [0x0000000501200000, 0x0000000800000000)
  region size 2048K, 122 young (249856K), 2 survivors (4096K)
 Metaspace       used 33113K, capacity 33549K, committed 33712K, reserved 1079296K
  class space    used 3401K, capacity 3574K, committed 3584K, reserved 1048576K
}
Event: 14.460 GC heap after
{Heap after GC invocations=35 (full 0):
 garbage-first heap   total 417792K, used 21097K [0x0000000501200000, 0x0000000800000000)
  region size 2048K, 3 young (6144K), 3 survivors (6144K)
 Metaspace       used 33113K, capacity 33549K, committed 33712K, reserved 1079296K
  class space    used 3401K, capacity 3574K, committed 3584K, reserved 1048576K
}

